Traceback (most recent call last):
  File "/Users/pierre-luc.bacon/Documents/rlbook/.venv/lib/python3.11/site-packages/jupyter_core/utils/__init__.py", line 154, in wrapped
    asyncio.get_running_loop()
RuntimeError: no running event loop

During handling of the above exception, another exception occurred:

Traceback (most recent call last):
  File "/Users/pierre-luc.bacon/Documents/rlbook/.venv/lib/python3.11/site-packages/jupyter_cache/executors/utils.py", line 58, in single_nb_execution
    executenb(
  File "/Users/pierre-luc.bacon/Documents/rlbook/.venv/lib/python3.11/site-packages/nbclient/client.py", line 1319, in execute
    return NotebookClient(nb=nb, resources=resources, km=km, **kwargs).execute()
           ^^^^^^^^^^^^^^^^^^^^^^^^^^^^^^^^^^^^^^^^^^^^^^^^^^^^^^^^^^^^^^^^^^^^^
  File "/Users/pierre-luc.bacon/Documents/rlbook/.venv/lib/python3.11/site-packages/jupyter_core/utils/__init__.py", line 158, in wrapped
    return loop.run_until_complete(inner)
           ^^^^^^^^^^^^^^^^^^^^^^^^^^^^^^
  File "/Users/pierre-luc.bacon/.local/share/uv/python/cpython-3.11.11-macos-aarch64-none/lib/python3.11/asyncio/base_events.py", line 654, in run_until_complete
    return future.result()
           ^^^^^^^^^^^^^^^
  File "/Users/pierre-luc.bacon/Documents/rlbook/.venv/lib/python3.11/site-packages/nbclient/client.py", line 709, in async_execute
    await self.async_execute_cell(
  File "/Users/pierre-luc.bacon/Documents/rlbook/.venv/lib/python3.11/site-packages/nbclient/client.py", line 1062, in async_execute_cell
    await self._check_raise_for_error(cell, cell_index, exec_reply)
  File "/Users/pierre-luc.bacon/Documents/rlbook/.venv/lib/python3.11/site-packages/nbclient/client.py", line 918, in _check_raise_for_error
    raise CellExecutionError.from_cell_and_msg(cell, exec_reply_content)
nbclient.exceptions.CellExecutionError: An error occurred while executing the following cell:
------------------
import json
import argparse
from pathlib import Path

import numpy as np
import scipy.optimize as opt

# -----------------------------------------------------------------------------
# Helpers
# -----------------------------------------------------------------------------

def ballistic_like_trajectory(num_points: int = 100,
                              width: int = 800,
                              height: int = 400,
                              margin: int = 50):
    """Replicates the smooth curve used in the JS demo.

    The exact same formula appears in _static/multiple-shooting-demo.html.
    Keeping the same constants ensures that when we load these points in the
    front-end they will perfectly overlap with the SVG axes already drawn on
    screen.
    """
    t_grid = np.linspace(0.0, 1.0, num_points)
    xs = margin + t_grid * (width - 2 * margin)

    ys = (
        height
        - margin
        - 50
        - 200 * np.sin(np.pi * t_grid) * (1 - t_grid)
        - 30 * np.sin(4 * np.pi * t_grid) * np.exp(-2 * t_grid)
    )

    return xs.tolist(), ys.tolist()


def segment_points(xs, ys, num_segments: int):
    """Splits a global trajectory into K segments based on the x-coordinates."""
    xs = np.array(xs)
    ys = np.array(ys)

    width = xs.max() - xs.min()
    margin = xs.min()
    seg_length = width / num_segments

    segments = []
    for k in range(num_segments):
        start_x = margin + k * seg_length
        end_x = margin + (k + 1) * seg_length + 1e-6  # include right boundary
        mask = (xs >= start_x) & (xs <= end_x)
        seg_pts = [dict(x=float(x), y=float(y)) for x, y in zip(xs[mask], ys[mask])]
        segments.append(seg_pts)

    return segments


def add_random_offsets(segments, max_offset: float = 60.0, seed: int | None = None):
    """Returns a deep copy of *segments* where each segment k>0 is shifted by a
    random vertical offset. The first segment is left untouched so that the
    defects are visible between segments.
    """
    rng = np.random.default_rng(seed)
    perturbed = []
    for k, seg in enumerate(segments):
        offset = 0.0 if k == 0 else rng.uniform(-max_offset, max_offset)
        perturbed.append([
            dict(x=p["x"], y=p["y"] + offset, originalY=p["y"]) for p in seg
        ])
    return perturbed


def optimize_offsets(true_segments, initial_offsets):
    """Run BFGS on the vertical offsets so that segment endpoints connect.

    Returns (opt_offsets, history) where *history* is a list of offset arrays
    captured at every solver iteration (including the initial guess and the
    final solution).
    """
    K = len(true_segments)

    # Degenerate case: K == 1 (single shooting) â€“ no defects to optimise.
    if K == 1 or len(initial_offsets) <= 1:
        # Simply return the initial offsets (normally all zeros) and a history
        # containing that single state so that the front-end animation logic
        # still works.
        return initial_offsets, [initial_offsets.copy()]

    # Build arrays of the first + last y-coordinates for convenience
    start_ys = np.array([seg[0]["y"] for seg in true_segments])
    end_ys = np.array([seg[-1]["y"] for seg in true_segments])

    def objective(vars_):
        offsets = np.concatenate(([0.0], vars_))  # offset[0] fixed to 0
        defects = (end_ys[:-1] + offsets[:-1]) - (start_ys[1:] + offsets[1:])
        return 0.5 * np.sum(defects ** 2)

    # Store history for visualisation
    history = []

    def callback(vars_):
        offsets = np.concatenate(([0.0], vars_))
        history.append(offsets.copy())

    # Kick-start history with initial guess
    history.append(initial_offsets.copy())

    res = opt.minimize(
        objective,
        x0=initial_offsets[1:],
        method="BFGS",
        callback=callback,
        options={"gtol": 1e-8, "maxiter": 100}
    )

    opt_offsets = np.concatenate(([0.0], res.x))
    history.append(opt_offsets.copy())
    return opt_offsets, history

# -----------------------------------------------------------------------------
# Main entry-point
# -----------------------------------------------------------------------------

def main():
    # Handle Jupyter notebook context where sys.argv may contain kernel arguments
    import sys
    
    # Check if we're in Jupyter by looking for kernel-specific arguments
    in_jupyter = any('-f' in arg and ('tmp' in arg or 'kernel' in arg) for arg in sys.argv)
    
    if in_jupyter:
        # Use default values when running in Jupyter
        class DefaultArgs:
            k_values = "1,2,3,4,5,6,7,8"
            num_points = 101
            output = "_static/multiple_shooting_data.json"
            seed = 0
        args = DefaultArgs()
    else:
        # Normal command-line parsing
        parser = argparse.ArgumentParser(description="Generate multiple-shooting "
                                                     "trajectory data for the demo.")
        parser.add_argument("--k_values", "-K", type=str, default="1,2,3,4,5,6,7,8",
                            help="Comma-separated list of segment counts to precompute.")
        parser.add_argument("--num_points", type=int, default=101,
                            help="Total number of points along the trajectory.")
        parser.add_argument("--output", "-o", default="_static/multiple_shooting_data.json",
                            help="Path where the JSON file will be written.")
        parser.add_argument("--seed", type=int, default=0,
                            help="RNG seed for the initial guess offsets.")

        args = parser.parse_args()

    # Global true path (independent of K) -----------------------------
    xs, ys = ballistic_like_trajectory(args.num_points)
    full_true_segments = segment_points(xs, ys, args.num_points - 1)  # one per point, but we keep continuous path separately

    cases = {}
    for k_str in args.k_values.split(','):
        k = int(k_str.strip())
        if k <= 0:
            continue

        true_segments = segment_points(xs, ys, k)
        initial_guess_segments = add_random_offsets(true_segments, seed=args.seed + k)

        initial_offsets = np.array([seg[0]["y"] - seg[0]["originalY"] for seg in initial_guess_segments])
        opt_offsets, history = optimize_offsets(true_segments, initial_offsets)

        optimization_steps = []
        for offsets in history:
            iter_segments = []
            for seg, off in zip(true_segments, offsets):
                iter_segments.append([
                    {"x": p["x"], "y": p["y"] + off, "originalY": p["y"]} for p in seg
                ])
            optimization_steps.append(iter_segments)

        cases[str(k)] = {
            "initial_guess": initial_guess_segments,
            "optimization_steps": optimization_steps,
            "solver_success": bool(opt_offsets is not None)
        }

    data = {
        "continuous_trajectory": segment_points(xs, ys, 1)[0],  # flattened true path for reference
        "cases": cases
    }

    output_path = Path(args.output)
    output_path.parent.mkdir(parents=True, exist_ok=True)
    with output_path.open("w") as f:
        json.dump(data, f, indent=2)

    # Use Jupyter Book's gluing feature to display output instead of print
    try:
        from myst_nb import glue
        glue("multiple_shooting_output", f"âœ“ Generated trajectory data for K = {args.k_values} segments\n"
                                        f"âœ“ Output written to: {output_path.name}\n"
                                        f"âœ“ File size: {output_path.stat().st_size / 1024:.1f} KB", display=False)
    except ImportError:
        # Fallback for when not running in Jupyter Book context
        print(f"âŸ¹ Wrote aggregated trajectory data to {output_path.resolve()}")


if __name__ == "__main__":
    main() 
------------------

----- stderr -----
usage: ipykernel_launcher.py [-h] [--k_values K_VALUES]
                             [--num_points NUM_POINTS] [--output OUTPUT]
                             [--seed SEED]
ipykernel_launcher.py: error: unrecognized arguments: -f /private/var/folders/kz/gmggxk812sg1jvysfbnx_y7h0000gq/T/tmp_0hkdg4x.json --HistoryManager.hist_file=:memory:
----- stderr -----
/Users/pierre-luc.bacon/Documents/rlbook/.venv/lib/python3.11/site-packages/IPython/core/interactiveshell.py:3707: UserWarning: To exit: use 'exit', 'quit', or Ctrl-D.
  warn("To exit: use 'exit', 'quit', or Ctrl-D.", stacklevel=1)
------------------

An exception has occurred, use %tb to see the full traceback.

[31mSystemExit[39m[31m:[39m 2


